PUT name fe17f2981803f5d6351e042afe3441999683fe5e83777448585db301d5fdf148
PUT db 4270aeece3f26fe3ccd2a448a53f8ff9460a3c6222fd5105b8be27065624dcd8
PUT user:1:name 1cc58fc1236ab0f15d1c0b20fa71ff8d19f489a043d049a2ff85ae8ff5ebd9171f
PUT user:1:name f7d682af09171193c81b921f7d7f55cbffa797eda4af7566e5232dce5c110e48a0
PUT user:1:email 7d8154884da68de2d78b4b52e0ac34d3d0bf630d3f57909c96b1d3cd1fe2756dc175d97a835f3108df8d34f212
PUT user:1:role 2da49d7060186090411019c4d0535c9750b99b1b859331f76e67b60704778a614d
PUT user:2:name 48b228089364681c324845773c162cf6c00f4be1ff66bab163551a28def5ad3bc6
PUT user:2:email 6e866059933b75276ddc6140393ba05cb147586664b26403ac9af39f407f36ab7f73071744ed68c182406d9bfd
PUT user:2:role e3d9b17a293b1e9459f8a6da92c0bef99e29dbdd2e9f4cd7302d3a2066a01f83
PUT user:3:name e4d76738a9a966d02418d570c47ea80ab53a57073e38e6510f301d2a73d4d1
PUT user:3:email 5466f33bb1c8e6c692fb5043e04df279b5f1dc4e222eca21be54b018ae13aa884749d24ada5c546157ff72
PUT user:3:role 784bcf3041c10ff25ca36b2b2687a3040e563337cecd373036109105ac131402
PUT product:101:name 48a7289e5ec5a58625597bc8db2ee201fcc22e9c692cd107294102a2de8c3d43270044c7
PUT product:101:price ef25a6ff561cdeeff45e89b038d4b0e7b11324f4eb6969a3bf9adeb74621eefc08
PUT product:101:stock 7ee0e9fc82abe51ff83a29afc19af019523a52f3cd4935d52b49ff1465f678
PUT product:102:name 8b9c0de73dccc4c937fe11c3bf0d28634bb064d80a1d7c9f9eef0ee44ea09170fb
PUT product:102:price 14895d03fd36054988bc335a856ce0fa1ad586b617684fc2535ec194664c0deca2
PUT product:102:stock ef0e2665dbcd0c0fc4dfb746c15d9d1fb2bc64dab7936394c4e474ff0dae49
PUT product:103:name 53c753d7d61f3a142e68ee096d901d53e3ee9c8b005bfa9e9bc3765e93cd630462c516
PUT product:103:price 83bb7fbf58051b924ba32b3a6ab1d0323b182c99e6b7969e3beec053faf10742a61b
PUT product:103:stock 4f89abbfa4d14dcc6d41189fee06a5b8f087f74c35eb62562b553e3a1b56
PUT session:harry a81bc9647dccb017414cec19e56df1f07dca4b12793291acc473d29ebad578377a8ddbd6098740
PUT session:alice b4c214df620aa200d36e08fa54297bb330d6063aaab717044e3aed50ca33c86346226f3333692d
PUT session:bob 62101f896cd89f68fe79bc46f26854392265bda577fbcdbb8555ed85e0b42eac8237bc3c371931
PUT config:max_connections 5281a5545ec38ca2475b510fed5f335ef40181ebee23deff63231f1d694fb4
PUT config:timeout_ms f5914f97c0d25bdfbf855e452371e1b3d90a16affe499080ae0d5206b1ace4b8
PUT config:log_level 6a4bb9705451daa43c5fa33028c295f3f6f035d58c960cbd7b5fce2bc514239b72
